<?xml version="1.0" encoding="UTF-8"?>
<!-- Generated by org.testng.reporters.JUnitXMLReporter -->
<testsuite ignored="0" hostname="LAPTOP-65" failures="0" tests="3" name="Default test" time="12.449" errors="0" timestamp="2023-07-20T13:42:49 IST">
  <testcase classname="rahulshettyacademy.Tests.submitOrderTest" name="submitORD" time="3.096"/>
  <testcase classname="rahulshettyacademy.Tests.submitOrderTest" name="submitORD" time="3.34"/>
  <testcase classname="rahulshettyacademy.Tests.submitOrderTest" name="OrderHistoryTest" time="0.461"/>
</testsuite> <!-- Default test -->
