<?xml version="1.0" encoding="UTF-8"?>
<!-- Generated by org.testng.reporters.JUnitXMLReporter -->
<testsuite ignored="0" hostname="LAPTOP-65" failures="0" tests="2" name="Error Validations Test" time="9.17" errors="0" timestamp="2023-07-20T11:57:20 IST">
  <testcase classname="rahulshettyacademy.Tests.ErrorValidationsTest" name="LoginErrorValidation" time="0.458"/>
  <testcase classname="rahulshettyacademy.Tests.ErrorValidationsTest" name="ProductErrorValidation" time="2.115"/>
</testsuite> <!-- Error Validations Test -->
