<?xml version="1.0" encoding="UTF-8"?>
<!-- Generated by org.testng.reporters.JUnitXMLReporter -->
<testsuite ignored="0" hostname="LAPTOP-65" failures="0" tests="3" name="Submit Order Test" time="14.467" errors="0" timestamp="2023-07-20T11:57:24 IST">
  <testcase classname="rahulshettyacademy.Tests.submitOrderTest" name="submitORD" time="3.254"/>
  <testcase classname="rahulshettyacademy.Tests.submitOrderTest" name="submitORD" time="3.512"/>
  <testcase classname="rahulshettyacademy.Tests.submitOrderTest" name="OrderHistoryTest" time="0.661"/>
</testsuite> <!-- Submit Order Test -->
