<?xml version="1.0" encoding="UTF-8"?>
<!-- Generated by org.testng.reporters.JUnitXMLReporter -->
<testsuite ignored="0" hostname="LAPTOP-65" failures="0" tests="2" name="Error Validations Test" time="11.571" errors="0" timestamp="2023-07-20T14:02:06 IST">
  <testcase classname="rahulshettyacademy.Tests.ErrorValidationsTest" name="LoginErrorValidation" time="1.027"/>
  <testcase classname="rahulshettyacademy.Tests.ErrorValidationsTest" name="ProductErrorValidation" time="1.979"/>
</testsuite> <!-- Error Validations Test -->
