<?xml version="1.0" encoding="UTF-8"?>
<!-- Generated by org.testng.reporters.JUnitXMLReporter -->
<testsuite ignored="0" hostname="LAPTOP-65" failures="0" tests="3" name="Submit Order Test" time="15.968" errors="0" timestamp="2023-07-20T14:02:11 IST">
  <testcase classname="rahulshettyacademy.Tests.submitOrderTest" name="submitORD" time="2.969"/>
  <testcase classname="rahulshettyacademy.Tests.submitOrderTest" name="submitORD" time="2.775"/>
  <testcase classname="rahulshettyacademy.Tests.submitOrderTest" name="OrderHistoryTest" time="0.438"/>
</testsuite> <!-- Submit Order Test -->
