<?xml version="1.0" encoding="UTF-8"?>
<testng-results ignored="0" total="3" passed="3" failed="0" skipped="0">
  <reporter-output>
  </reporter-output>
  <suite started-at="2023-07-20T13:42:36 IST" name="Default suite" finished-at="2023-07-20T13:42:49 IST" duration-ms="12449">
    <groups>
      <group name="Purchase">
        <method signature="submitOrderTest.submitORD(java.util.HashMap)[pri:0, instance:rahulshettyacademy.Tests.submitOrderTest@145f66e3]" name="submitORD" class="rahulshettyacademy.Tests.submitOrderTest"/>
      </group> <!-- Purchase -->
    </groups>
    <test started-at="2023-07-20T13:42:36 IST" name="Default test" finished-at="2023-07-20T13:42:49 IST" duration-ms="12449">
      <class name="rahulshettyacademy.Tests.submitOrderTest">
        <test-method is-config="true" signature="launchApplication()[pri:0, instance:rahulshettyacademy.Tests.submitOrderTest@145f66e3]" started-at="2023-07-20T13:42:36 IST" name="launchApplication" finished-at="2023-07-20T13:42:38 IST" duration-ms="2251" status="PASS">
          <reporter-output>
          </reporter-output>
        </test-method> <!-- launchApplication -->
        <test-method signature="submitORD(java.util.HashMap)[pri:0, instance:rahulshettyacademy.Tests.submitOrderTest@145f66e3]" started-at="2023-07-20T13:42:38 IST" name="submitORD" data-provider="getData" finished-at="2023-07-20T13:42:42 IST" duration-ms="3096" status="PASS">
          <params>
            <param index="0">
              <value>
                <![CDATA[{email1=shetty@gmail.com, product=IPHONE 13 PRO, password1=Iamking@000}]]>
              </value>
            </param>
          </params>
          <reporter-output>
          </reporter-output>
        </test-method> <!-- submitORD -->
        <test-method is-config="true" signature="teardown()[pri:0, instance:rahulshettyacademy.Tests.submitOrderTest@145f66e3]" started-at="2023-07-20T13:42:42 IST" name="teardown" finished-at="2023-07-20T13:42:42 IST" duration-ms="301" status="PASS">
          <reporter-output>
          </reporter-output>
        </test-method> <!-- teardown -->
        <test-method is-config="true" signature="launchApplication()[pri:0, instance:rahulshettyacademy.Tests.submitOrderTest@145f66e3]" started-at="2023-07-20T13:42:42 IST" name="launchApplication" finished-at="2023-07-20T13:42:43 IST" duration-ms="1229" status="PASS">
          <reporter-output>
          </reporter-output>
        </test-method> <!-- launchApplication -->
        <test-method signature="submitORD(java.util.HashMap)[pri:0, instance:rahulshettyacademy.Tests.submitOrderTest@145f66e3]" started-at="2023-07-20T13:42:43 IST" name="submitORD" data-provider="getData" finished-at="2023-07-20T13:42:46 IST" duration-ms="3340" status="PASS">
          <params>
            <param index="0">
              <value>
                <![CDATA[{email1=sai@gemail.com, product=ZARA COAT 3, password1=Rgukt@123}]]>
              </value>
            </param>
          </params>
          <reporter-output>
          </reporter-output>
        </test-method> <!-- submitORD -->
        <test-method is-config="true" signature="teardown()[pri:0, instance:rahulshettyacademy.Tests.submitOrderTest@145f66e3]" started-at="2023-07-20T13:42:46 IST" name="teardown" finished-at="2023-07-20T13:42:47 IST" duration-ms="299" status="PASS">
          <reporter-output>
          </reporter-output>
        </test-method> <!-- teardown -->
        <test-method is-config="true" signature="launchApplication()[pri:0, instance:rahulshettyacademy.Tests.submitOrderTest@145f66e3]" started-at="2023-07-20T13:42:47 IST" name="launchApplication" finished-at="2023-07-20T13:42:48 IST" duration-ms="1191" status="PASS">
          <reporter-output>
          </reporter-output>
        </test-method> <!-- launchApplication -->
        <test-method signature="OrderHistoryTest(java.util.HashMap)[pri:0, instance:rahulshettyacademy.Tests.submitOrderTest@145f66e3]" started-at="2023-07-20T13:42:48 IST" name="OrderHistoryTest" data-provider="getData1" finished-at="2023-07-20T13:42:48 IST" depends-on-methods="rahulshettyacademy.Tests.submitOrderTest.submitORD" duration-ms="461" status="PASS">
          <params>
            <param index="0">
              <value>
                <![CDATA[{product=ZARA COAT 3}]]>
              </value>
            </param>
          </params>
          <reporter-output>
          </reporter-output>
        </test-method> <!-- OrderHistoryTest -->
        <test-method is-config="true" signature="teardown()[pri:0, instance:rahulshettyacademy.Tests.submitOrderTest@145f66e3]" started-at="2023-07-20T13:42:48 IST" name="teardown" finished-at="2023-07-20T13:42:49 IST" duration-ms="98" status="PASS">
          <reporter-output>
          </reporter-output>
        </test-method> <!-- teardown -->
      </class> <!-- rahulshettyacademy.Tests.submitOrderTest -->
    </test> <!-- Default test -->
  </suite> <!-- Default suite -->
</testng-results>
